[debug] [2022-08-28T15:54:08.074Z] ----------------------------------------------------------------------
[debug] [2022-08-28T15:54:08.075Z] Command:       C:\Program Files\nodejs\node.exe C:\Users\mahmoud\AppData\Roaming\npm\node_modules\firebase-tools\lib\bin\firebase.js init
[debug] [2022-08-28T15:54:08.075Z] CLI Version:   10.1.0
[debug] [2022-08-28T15:54:08.075Z] Platform:      win32
[debug] [2022-08-28T15:54:08.075Z] Node Version:  v16.13.2
[debug] [2022-08-28T15:54:08.076Z] Time:          Sun Aug 28 2022 17:54:08 GMT+0200 (Eastern European Standard Time)
[debug] [2022-08-28T15:54:08.076Z] ----------------------------------------------------------------------
[debug] 
[debug] [2022-08-28T15:54:08.078Z] >>> [apiv2][query] GET https://firebase-public.firebaseio.com/cli.json [none]
[debug] [2022-08-28T15:54:08.130Z] > command requires scopes: ["email","openid","https://www.googleapis.com/auth/cloudplatformprojects.readonly","https://www.googleapis.com/auth/firebase","https://www.googleapis.com/auth/cloud-platform"]
[debug] [2022-08-28T15:54:08.130Z] > authorizing via signed-in user (mahmoudabdelwahab4242@gmail.com)
[info] 
     ######## #### ########  ######## ########     ###     ######  ########
     ##        ##  ##     ## ##       ##     ##  ##   ##  ##       ##
     ######    ##  ########  ######   ########  #########  ######  ######
     ##        ##  ##    ##  ##       ##     ## ##     ##       ## ##
     ##       #### ##     ## ######## ########  ##     ##  ######  ########

You're about to initialize a Firebase project in this directory:

  D:\projects\angular_projects\live-apps\customer-manger-app\front-end-firebase\customer-manager

Before we get started, keep in mind:

  * You are initializing within an existing Firebase project directory

[debug] [2022-08-28T15:54:08.566Z] <<< [apiv2][status] GET https://firebase-public.firebaseio.com/cli.json 200
[debug] [2022-08-28T15:54:08.567Z] <<< [apiv2][body] GET https://firebase-public.firebaseio.com/cli.json {"cloudBuildErrorAfter":1594252800000,"cloudBuildWarnAfter":1590019200000,"defaultNode10After":1594252800000,"minVersion":"3.0.5","node8DeploysDisabledAfter":1613390400000,"node8RuntimeDisabledAfter":1615809600000,"node8WarnAfter":1600128000000}
[info] 
=== Project Setup
[info] 
[info] First, let's associate this project directory with a Firebase project.
[info] You can create multiple project aliases by running firebase use --add, 
[info] but for now we'll just set up a default project.
[info] 
[debug] [2022-08-28T15:54:18.116Z] Using project from CLI flag: customer-manager-ccd12
[debug] [2022-08-28T15:54:18.117Z] > refreshing access token with scopes: []
[debug] [2022-08-28T15:54:18.117Z] >>> HTTP REQUEST POST https://www.googleapis.com/oauth2/v3/token  
 <request body omitted>
[debug] [2022-08-28T15:54:18.340Z] <<< HTTP RESPONSE 200 {"date":"Sun, 28 Aug 2022 15:54:18 GMT","pragma":"no-cache","cache-control":"no-cache, no-store, max-age=0, must-revalidate","expires":"Mon, 01 Jan 1990 00:00:00 GMT","content-type":"application/json; charset=utf-8","vary":"X-Origin, Referer, Origin,Accept-Encoding","server":"scaffolding on HTTPServer2","x-xss-protection":"0","x-frame-options":"SAMEORIGIN","x-content-type-options":"nosniff","alt-svc":"h3=\":443\"; ma=2592000,h3-29=\":443\"; ma=2592000,h3-Q050=\":443\"; ma=2592000,h3-Q046=\":443\"; ma=2592000,h3-Q043=\":443\"; ma=2592000,quic=\":443\"; ma=2592000; v=\"46,43\"","accept-ranges":"none","transfer-encoding":"chunked"}
[debug] [2022-08-28T15:54:18.343Z] >>> [apiv2][query] GET https://firebase.googleapis.com/v1beta1/projects/customer-manager-ccd12 [none]
[debug] [2022-08-28T15:54:18.808Z] <<< [apiv2][status] GET https://firebase.googleapis.com/v1beta1/projects/customer-manager-ccd12 200
[debug] [2022-08-28T15:54:18.808Z] <<< [apiv2][body] GET https://firebase.googleapis.com/v1beta1/projects/customer-manager-ccd12 {"projectId":"customer-manager-ccd12","projectNumber":"503528847660","displayName":"customer-manager","name":"projects/customer-manager-ccd12","resources":{"hostingSite":"customer-manager-ccd12"},"state":"ACTIVE","etag":"1_d7fb57f8-2389-4744-92e2-da279fda3e59"}
[info] i  Using project customer-manager-ccd12 (customer-manager) 
[info] 
=== Hosting Setup
[info] 
[info] Your public directory is the folder (relative to your project directory) that
[info] will contain Hosting assets to be uploaded with firebase deploy. If you
[info] have a build process for your assets, use your build's output directory.
[info] 
[debug] [2022-08-28T15:55:10.951Z] ----------------------------------------------------------------------
[debug] [2022-08-28T15:55:10.952Z] Command:       C:\Program Files\nodejs\node.exe C:\Users\mahmoud\AppData\Roaming\npm\node_modules\firebase-tools\lib\bin\firebase.js init
[debug] [2022-08-28T15:55:10.953Z] CLI Version:   10.1.0
[debug] [2022-08-28T15:55:10.953Z] Platform:      win32
[debug] [2022-08-28T15:55:10.953Z] Node Version:  v16.13.2
[debug] [2022-08-28T15:55:10.953Z] Time:          Sun Aug 28 2022 17:55:10 GMT+0200 (Eastern European Standard Time)
[debug] [2022-08-28T15:55:10.954Z] ----------------------------------------------------------------------
[debug] 
[debug] [2022-08-28T15:55:10.991Z] > command requires scopes: ["email","openid","https://www.googleapis.com/auth/cloudplatformprojects.readonly","https://www.googleapis.com/auth/firebase","https://www.googleapis.com/auth/cloud-platform"]
[debug] [2022-08-28T15:55:10.991Z] > authorizing via signed-in user (mahmoudabdelwahab4242@gmail.com)
[info] 
     ######## #### ########  ######## ########     ###     ######  ########
     ##        ##  ##     ## ##       ##     ##  ##   ##  ##       ##
     ######    ##  ########  ######   ########  #########  ######  ######
     ##        ##  ##    ##  ##       ##     ## ##     ##       ## ##
     ##       #### ##     ## ######## ########  ##     ##  ######  ########

You're about to initialize a Firebase project in this directory:

  D:\projects\angular_projects\live-apps\customer-manger-app\front-end-firebase\customer-manager

Before we get started, keep in mind:

  * You are initializing within an existing Firebase project directory

[info] 
=== Project Setup
[info] 
[info] First, let's associate this project directory with a Firebase project.
[info] You can create multiple project aliases by running firebase use --add, 
[info] but for now we'll just set up a default project.
[info] 
[debug] [2022-08-28T15:55:16.332Z] Using project from CLI flag: customer-manager-ccd12
[debug] [2022-08-28T15:55:16.333Z] >>> [apiv2][query] GET https://firebase.googleapis.com/v1beta1/projects/customer-manager-ccd12 [none]
[debug] [2022-08-28T15:55:16.766Z] <<< [apiv2][status] GET https://firebase.googleapis.com/v1beta1/projects/customer-manager-ccd12 200
[debug] [2022-08-28T15:55:16.766Z] <<< [apiv2][body] GET https://firebase.googleapis.com/v1beta1/projects/customer-manager-ccd12 {"projectId":"customer-manager-ccd12","projectNumber":"503528847660","displayName":"customer-manager","name":"projects/customer-manager-ccd12","resources":{"hostingSite":"customer-manager-ccd12"},"state":"ACTIVE","etag":"1_d7fb57f8-2389-4744-92e2-da279fda3e59"}
[info] i  Using project customer-manager-ccd12 (customer-manager) 
[info] 
=== Hosting Setup
[info] 
[info] Your public directory is the folder (relative to your project directory) that
[info] will contain Hosting assets to be uploaded with firebase deploy. If you
[info] have a build process for your assets, use your build's output directory.
[info] 
